Copyright 1986-2018 Xilinx, Inc. All Rights Reserved.
---------------------------------------------------------------------------------------
| Tool Version : Vivado v.2018.2 (win64) Build 2258646 Thu Jun 14 20:03:12 MDT 2018
| Date         : Tue Feb 20 19:12:49 2024
| Host         : DESKTOP-POFA5NP running 64-bit major release  (build 9200)
| Command      : report_control_sets -verbose -file Mux_8_to_1_control_sets_placed.rpt
| Design       : Mux_8_to_1
| Device       : xc7a35t
---------------------------------------------------------------------------------------

Control Set Information

Table of Contents
-----------------
1. Summary
2. Histogram
3. Flip-Flop Distribution
4. Detailed Control Set Information

1. Summary
----------

+----------------------------------------------------------+-------+
|                          Status                          | Count |
+----------------------------------------------------------+-------+
| Number of unique control sets                            |     0 |
| Unused register locations in slices containing registers |     0 |
+----------------------------------------------------------+-------+


2. Histogram
------------

+--------+--------------+
| Fanout | Control Sets |
+--------+--------------+


3. Flip-Flop Distribution
-------------------------

+--------------+-----------------------+------------------------+-----------------+--------------+
| Clock Enable | Synchronous Set/Reset | Asynchronous Set/Reset | Total Registers | Total Slices |
+--------------+-----------------------+------------------------+-----------------+--------------+
| No           | No                    | No                     |               0 |            0 |
| No           | No                    | Yes                    |               0 |            0 |
| No           | Yes                   | No                     |               0 |            0 |
| Yes          | No                    | No                     |               0 |            0 |
| Yes          | No                    | Yes                    |               0 |            0 |
| Yes          | Yes                   | No                     |               0 |            0 |
+--------------+-----------------------+------------------------+-----------------+--------------+


4. Detailed Control Set Information
-----------------------------------

+--------------+---------------+------------------+------------------+----------------+
| Clock Signal | Enable Signal | Set/Reset Signal | Slice Load Count | Bel Load Count |
+--------------+---------------+------------------+------------------+----------------+


